cotter/build/intermediates/manifest_merge_blame_file/debug/manifest-merger-blame-debug-report.txt
1<?xml version="1.0" encoding="utf-8"?>
2<manifest xmlns:android="http://schemas.android.com/apk/res/android"
3    package="com.cotter.app"
4    android:versionCode="1"
5    android:versionName="1.0" >
6
7    <uses-sdk
8        android:minSdkVersion="16"
8-->src/main/AndroidManifest.xml
9        android:targetSdkVersion="17" />
9-->src/main/AndroidManifest.xml
10
11    <uses-permission android:name="android.permission.INTERNET" />
11-->src/main/AndroidManifest.xml:5:5-67
11-->src/main/AndroidManifest.xml:5:22-64
12    <uses-permission android:name="android.permission.VIBRATE" />
12-->src/main/AndroidManifest.xml:6:5-66
12-->src/main/AndroidManifest.xml:6:22-63
13    <uses-permission android:name="android.permission.ACCESS_FINE_LOCATION" />
13-->src/main/AndroidManifest.xml:7:5-79
13-->src/main/AndroidManifest.xml:7:22-76
14    <uses-permission android:name="android.permission.USE_FINGERPRINT" />
14-->src/main/AndroidManifest.xml:8:5-74
14-->src/main/AndroidManifest.xml:8:22-71
15
16    <uses-feature
16-->src/main/AndroidManifest.xml:10:5-12:36
17        android:name="android.hardware.fingerprint"
17-->src/main/AndroidManifest.xml:11:9-52
18        android:required="false" />
18-->src/main/AndroidManifest.xml:12:9-33
19
20    <application
20-->src/main/AndroidManifest.xml:14:5-25:19
21        android:allowBackup="true"
21-->src/main/AndroidManifest.xml:15:9-35
22        android:label="@string/app_name"
22-->src/main/AndroidManifest.xml:16:9-41
23        android:supportsRtl="true"
23-->src/main/AndroidManifest.xml:17:9-35
24        android:theme="@style/AppTheme" >
24-->src/main/AndroidManifest.xml:18:9-40
25        <activity android:name="com.cotter.app.PinChangeVerifyPinActivity" />
25-->src/main/AndroidManifest.xml:19:9-73
25-->src/main/AndroidManifest.xml:19:19-61
26        <activity android:name="com.cotter.app.PinEnrollmentSuccessActivity" />
26-->src/main/AndroidManifest.xml:20:9-66
26-->src/main/AndroidManifest.xml:20:19-63
27        <activity android:name="com.cotter.app.PinVerificationActivity" />
27-->src/main/AndroidManifest.xml:21:9-61
27-->src/main/AndroidManifest.xml:21:19-58
28        <activity android:name="com.cotter.app.PinEnrollmentReEnterPinActivity" />
28-->src/main/AndroidManifest.xml:22:9-69
28-->src/main/AndroidManifest.xml:22:19-66
29        <activity android:name="com.cotter.app.PinEnrollmentEnterPinActivity" />
29-->src/main/AndroidManifest.xml:23:9-67
29-->src/main/AndroidManifest.xml:23:19-64
30        <activity android:name="com.cotter.app.MainActivity" />
30-->src/main/AndroidManifest.xml:24:9-50
30-->src/main/AndroidManifest.xml:24:19-47
31    </application>
32
33</manifest>